0 info it worked if it ends with ok
1 verbose cli [ 'node', '/usr/local/bin/npm', 'shrinkwrap' ]
2 info using npm@1.4.23
3 info using node@v0.10.31
4 error Error: Problems were encountered
4 error Please correct and try again.
4 error extraneous: nodemon@0.7.10 /Users/cgerard/Projects/Personal_projects_Github/leap_drone/node_modules/nodemon
4 error extraneous: bower@1.2.7 /Users/cgerard/Projects/Personal_projects_Github/leap_drone/node_modules/bower
4 error     at shrinkwrap_ (/usr/local/lib/node_modules/npm/lib/shrinkwrap.js:30:15)
4 error     at /usr/local/lib/node_modules/npm/lib/shrinkwrap.js:24:5
4 error     at /usr/local/lib/node_modules/npm/lib/ls.js:45:30
4 error     at /usr/local/lib/node_modules/npm/node_modules/read-installed/read-installed.js:130:5
4 error     at /usr/local/lib/node_modules/npm/node_modules/read-installed/read-installed.js:244:14
4 error     at cb (/usr/local/lib/node_modules/npm/node_modules/slide/lib/async-map.js:48:11)
4 error     at /usr/local/lib/node_modules/npm/node_modules/read-installed/read-installed.js:244:14
4 error     at cb (/usr/local/lib/node_modules/npm/node_modules/slide/lib/async-map.js:48:11)
4 error     at /usr/local/lib/node_modules/npm/node_modules/read-installed/read-installed.js:244:14
4 error     at cb (/usr/local/lib/node_modules/npm/node_modules/slide/lib/async-map.js:48:11)
5 error If you need help, you may report this *entire* log,
5 error including the npm and node versions, at:
5 error     <http://github.com/npm/npm/issues>
6 error System Darwin 13.4.0
7 error command "node" "/usr/local/bin/npm" "shrinkwrap"
8 error cwd /Users/cgerard/Projects/Personal_projects_Github/leap_drone
9 error node -v v0.10.31
10 error npm -v 1.4.23
11 verbose exit [ 1, true ]
